0 silly argv {
0 silly argv   _: [ 'create' ],
0 silly argv   lernaVersion: '5.4.3',
0 silly argv   '$0': '..\\..\\..\\AppData\\Roaming\\npm\\node_modules\\lerna\\cli.js',
0 silly argv   name: 'server'
0 silly argv }
1 notice cli v5.4.3
2 verbose rootPath C:\Users\Zuk\Documents\Projects\E2EE-Network
3 error JSONError: Unexpected string in JSON at position 48 while parsing '{  "name": "client",  "version": "0.' in packages\client\package.json
3 error
3 error [0m [90m 1 |[39m {[0m
3 error [0m [90m 2 |[39m   [32m"name"[39m[33m:[39m [32m"client"[39m[33m,[39m[0m
3 error [0m[31m[1m>[22m[39m[90m 3 |[39m   [32m"version"[39m[33m:[39m [32m"0.0.0"[39m    [32m"scripts"[39m[33m:[39m {[0m
3 error [0m [90m   |[39m                         [31m[1m^[22m[39m[0m
3 error [0m [90m 4 |[39m     [32m"ng"[39m[33m:[39m [32m"ng"[39m[33m,[39m[0m
3 error [0m [90m 5 |[39m     [32m"start"[39m[33m:[39m [32m"ng serve"[39m[33m,[39m[0m
3 error [0m [90m 6 |[39m     [32m"build"[39m[33m:[39m [32m"ng build"[39m[33m,[39m[0m
3 error
3 error     at parseJson (C:\Users\Zuk\AppData\Roaming\npm\node_modules\lerna\node_modules\parse-json\index.js:29:21)
3 error     at parse (C:\Users\Zuk\AppData\Roaming\npm\node_modules\lerna\node_modules\load-json-file\index.js:15:9)
3 error     at module.exports (C:\Users\Zuk\AppData\Roaming\npm\node_modules\lerna\node_modules\load-json-file\index.js:18:47)
